<?xml version="1.0" encoding="UTF-8"?>
<flow xmlns="http://www.springframework.org/schema/webflow"
	xmlns:xsi="http://www.w3.org/2001/XMLSchema-instance"
	xmlns:faces="http://www.springframework.org/schema/faces"
	xsi:schemaLocation="http://www.springframework.org/schema/webflow
						http://www.springframework.org/schema/webflow/spring-webflow-2.0.xsd">
	
	<!-- flow variables -->
	<!-- in jsf #{helloBean} -->
	<var name="helloBean" class="beans.HelloBean" />
	
	<!-- pierwszy view-state jest startowym -->	
	<view-state id="testFlow" view="/pages/start.xhtml">
		
		<transition on="yes">
			<set name="helloBean.message" value="'Kliknales TAK'" />
			<render fragments="time" />
		</transition>
		
		<transition on="no">
			<set name="helloBean.message" value="'Kliknales NIE'" />
		</transition>
	</view-state>

	<end-state id="end" view="/pages/end.xhtml"/>
	
</flow>