<?xml version="1.0" encoding="UTF-8"?>
<flow xmlns="http://www.springframework.org/schema/webflow"
	xmlns:xsi="http://www.w3.org/2001/XMLSchema-instance"
	xmlns:faces="http://www.springframework.org/schema/faces"
	xsi:schemaLocation="http://www.springframework.org/schema/webflow
						http://www.springframework.org/schema/webflow/spring-webflow-2.0.xsd"
	start-state="testFlow">
	
	<var name="helloBean" class="beans.HelloBean" />
	<view-state id="testFlow" view="/pages/start.xhtml">
		<transition on="post" to="testFlow" />
	</view-state>
</flow>